[2020-06-24 17:03:10] production.ERROR: No application encryption key has been specified. {"exception":"[object] (RuntimeException(code: 0): No application encryption key has been specified. at C:\\Users\\Administrador\\Documents\\Laravel projects\\laravel-sb-admin-2\\vendor\\laravel\\framework\\src\\Illuminate\\Encryption\\EncryptionServiceProvider.php:80)
[stacktrace]
#0 C:\\Users\\Administrador\\Documents\\Laravel projects\\laravel-sb-admin-2\\vendor\\laravel\\framework\\src\\Illuminate\\Support\\helpers.php(428): Illuminate\\Encryption\\EncryptionServiceProvider->Illuminate\\Encryption\\{closure}(NULL)
#1 C:\\Users\\Administrador\\Documents\\Laravel projects\\laravel-sb-admin-2\\vendor\\laravel\\framework\\src\\Illuminate\\Encryption\\EncryptionServiceProvider.php(84): tap(NULL, Object(Closure))
#2 C:\\Users\\Administrador\\Documents\\Laravel projects\\laravel-sb-admin-2\\vendor\\laravel\\framework\\src\\Illuminate\\Encryption\\EncryptionServiceProvider.php(61): Illuminate\\Encryption\\EncryptionServiceProvider->key(Array)
#3 C:\\Users\\Administrador\\Documents\\Laravel projects\\laravel-sb-admin-2\\vendor\\laravel\\framework\\src\\Illuminate\\Encryption\\EncryptionServiceProvider.php(33): Illuminate\\Encryption\\EncryptionServiceProvider->parseKey(Array)
#4 C:\\Users\\Administrador\\Documents\\Laravel projects\\laravel-sb-admin-2\\vendor\\laravel\\framework\\src\\Illuminate\\Container\\Container.php(801): Illuminate\\Encryption\\EncryptionServiceProvider->Illuminate\\Encryption\\{closure}(Object(Illuminate\\Foundation\\Application), Array)
#5 C:\\Users\\Administrador\\Documents\\Laravel projects\\laravel-sb-admin-2\\vendor\\laravel\\framework\\src\\Illuminate\\Container\\Container.php(687): Illuminate\\Container\\Container->build(Object(Closure))
#6 C:\\Users\\Administrador\\Documents\\Laravel projects\\laravel-sb-admin-2\\vendor\\laravel\\framework\\src\\Illuminate\\Foundation\\Application.php(796): Illuminate\\Container\\Container->resolve('encrypter', Array, true)
#7 C:\\Users\\Administrador\\Documents\\Laravel projects\\laravel-sb-admin-2\\vendor\\laravel\\framework\\src\\Illuminate\\Container\\Container.php(633): Illuminate\\Foundation\\Application->resolve('encrypter', Array)
#8 C:\\Users\\Administrador\\Documents\\Laravel projects\\laravel-sb-admin-2\\vendor\\laravel\\framework\\src\\Illuminate\\Foundation\\Application.php(781): Illuminate\\Container\\Container->make('encrypter', Array)
#9 C:\\Users\\Administrador\\Documents\\Laravel projects\\laravel-sb-admin-2\\vendor\\laravel\\framework\\src\\Illuminate\\Container\\Container.php(955): Illuminate\\Foundation\\Application->make('encrypter')
#10 C:\\Users\\Administrador\\Documents\\Laravel projects\\laravel-sb-admin-2\\vendor\\laravel\\framework\\src\\Illuminate\\Container\\Container.php(875): Illuminate\\Container\\Container->resolveClass(Object(ReflectionParameter))
#11 C:\\Users\\Administrador\\Documents\\Laravel projects\\laravel-sb-admin-2\\vendor\\laravel\\framework\\src\\Illuminate\\Container\\Container.php(836): Illuminate\\Container\\Container->resolveDependencies(Array)
#12 C:\\Users\\Administrador\\Documents\\Laravel projects\\laravel-sb-admin-2\\vendor\\laravel\\framework\\src\\Illuminate\\Container\\Container.php(687): Illuminate\\Container\\Container->build('App\\\\Http\\\\Middle...')
#13 C:\\Users\\Administrador\\Documents\\Laravel projects\\laravel-sb-admin-2\\vendor\\laravel\\framework\\src\\Illuminate\\Foundation\\Application.php(796): Illuminate\\Container\\Container->resolve('App\\\\Http\\\\Middle...', Array, true)
#14 C:\\Users\\Administrador\\Documents\\Laravel projects\\laravel-sb-admin-2\\vendor\\laravel\\framework\\src\\Illuminate\\Container\\Container.php(633): Illuminate\\Foundation\\Application->resolve('App\\\\Http\\\\Middle...', Array)
#15 C:\\Users\\Administrador\\Documents\\Laravel projects\\laravel-sb-admin-2\\vendor\\laravel\\framework\\src\\Illuminate\\Foundation\\Application.php(781): Illuminate\\Container\\Container->make('App\\\\Http\\\\Middle...', Array)
#16 C:\\Users\\Administrador\\Documents\\Laravel projects\\laravel-sb-admin-2\\vendor\\laravel\\framework\\src\\Illuminate\\Pipeline\\Pipeline.php(156): Illuminate\\Foundation\\Application->make('App\\\\Http\\\\Middle...')
#17 C:\\Users\\Administrador\\Documents\\Laravel projects\\laravel-sb-admin-2\\vendor\\laravel\\framework\\src\\Illuminate\\Pipeline\\Pipeline.php(103): Illuminate\\Pipeline\\Pipeline->Illuminate\\Pipeline\\{closure}(Object(Illuminate\\Http\\Request))
#18 C:\\Users\\Administrador\\Documents\\Laravel projects\\laravel-sb-admin-2\\vendor\\laravel\\framework\\src\\Illuminate\\Routing\\Router.php(687): Illuminate\\Pipeline\\Pipeline->then(Object(Closure))
#19 C:\\Users\\Administrador\\Documents\\Laravel projects\\laravel-sb-admin-2\\vendor\\laravel\\framework\\src\\Illuminate\\Routing\\Router.php(662): Illuminate\\Routing\\Router->runRouteWithinStack(Object(Illuminate\\Routing\\Route), Object(Illuminate\\Http\\Request))
#20 C:\\Users\\Administrador\\Documents\\Laravel projects\\laravel-sb-admin-2\\vendor\\laravel\\framework\\src\\Illuminate\\Routing\\Router.php(628): Illuminate\\Routing\\Router->runRoute(Object(Illuminate\\Http\\Request), Object(Illuminate\\Routing\\Route))
#21 C:\\Users\\Administrador\\Documents\\Laravel projects\\laravel-sb-admin-2\\vendor\\laravel\\framework\\src\\Illuminate\\Routing\\Router.php(617): Illuminate\\Routing\\Router->dispatchToRoute(Object(Illuminate\\Http\\Request))
#22 C:\\Users\\Administrador\\Documents\\Laravel projects\\laravel-sb-admin-2\\vendor\\laravel\\framework\\src\\Illuminate\\Foundation\\Http\\Kernel.php(165): Illuminate\\Routing\\Router->dispatch(Object(Illuminate\\Http\\Request))
#23 C:\\Users\\Administrador\\Documents\\Laravel projects\\laravel-sb-admin-2\\vendor\\laravel\\framework\\src\\Illuminate\\Pipeline\\Pipeline.php(128): Illuminate\\Foundation\\Http\\Kernel->Illuminate\\Foundation\\Http\\{closure}(Object(Illuminate\\Http\\Request))
#24 C:\\Users\\Administrador\\Documents\\Laravel projects\\laravel-sb-admin-2\\vendor\\laravel\\framework\\src\\Illuminate\\Foundation\\Http\\Middleware\\TransformsRequest.php(21): Illuminate\\Pipeline\\Pipeline->Illuminate\\Pipeline\\{closure}(Object(Illuminate\\Http\\Request))
#25 C:\\Users\\Administrador\\Documents\\Laravel projects\\laravel-sb-admin-2\\vendor\\laravel\\framework\\src\\Illuminate\\Pipeline\\Pipeline.php(167): Illuminate\\Foundation\\Http\\Middleware\\TransformsRequest->handle(Object(Illuminate\\Http\\Request), Object(Closure))
#26 C:\\Users\\Administrador\\Documents\\Laravel projects\\laravel-sb-admin-2\\vendor\\laravel\\framework\\src\\Illuminate\\Foundation\\Http\\Middleware\\TransformsRequest.php(21): Illuminate\\Pipeline\\Pipeline->Illuminate\\Pipeline\\{closure}(Object(Illuminate\\Http\\Request))
#27 C:\\Users\\Administrador\\Documents\\Laravel projects\\laravel-sb-admin-2\\vendor\\laravel\\framework\\src\\Illuminate\\Pipeline\\Pipeline.php(167): Illuminate\\Foundation\\Http\\Middleware\\TransformsRequest->handle(Object(Illuminate\\Http\\Request), Object(Closure))
#28 C:\\Users\\Administrador\\Documents\\Laravel projects\\laravel-sb-admin-2\\vendor\\laravel\\framework\\src\\Illuminate\\Foundation\\Http\\Middleware\\ValidatePostSize.php(27): Illuminate\\Pipeline\\Pipeline->Illuminate\\Pipeline\\{closure}(Object(Illuminate\\Http\\Request))
#29 C:\\Users\\Administrador\\Documents\\Laravel projects\\laravel-sb-admin-2\\vendor\\laravel\\framework\\src\\Illuminate\\Pipeline\\Pipeline.php(167): Illuminate\\Foundation\\Http\\Middleware\\ValidatePostSize->handle(Object(Illuminate\\Http\\Request), Object(Closure))
#30 C:\\Users\\Administrador\\Documents\\Laravel projects\\laravel-sb-admin-2\\vendor\\laravel\\framework\\src\\Illuminate\\Foundation\\Http\\Middleware\\CheckForMaintenanceMode.php(63): Illuminate\\Pipeline\\Pipeline->Illuminate\\Pipeline\\{closure}(Object(Illuminate\\Http\\Request))
#31 C:\\Users\\Administrador\\Documents\\Laravel projects\\laravel-sb-admin-2\\vendor\\laravel\\framework\\src\\Illuminate\\Pipeline\\Pipeline.php(167): Illuminate\\Foundation\\Http\\Middleware\\CheckForMaintenanceMode->handle(Object(Illuminate\\Http\\Request), Object(Closure))
#32 C:\\Users\\Administrador\\Documents\\Laravel projects\\laravel-sb-admin-2\\vendor\\fruitcake\\laravel-cors\\src\\HandleCors.php(36): Illuminate\\Pipeline\\Pipeline->Illuminate\\Pipeline\\{closure}(Object(Illuminate\\Http\\Request))
#33 C:\\Users\\Administrador\\Documents\\Laravel projects\\laravel-sb-admin-2\\vendor\\laravel\\framework\\src\\Illuminate\\Pipeline\\Pipeline.php(167): Fruitcake\\Cors\\HandleCors->handle(Object(Illuminate\\Http\\Request), Object(Closure))
#34 C:\\Users\\Administrador\\Documents\\Laravel projects\\laravel-sb-admin-2\\vendor\\fideloper\\proxy\\src\\TrustProxies.php(57): Illuminate\\Pipeline\\Pipeline->Illuminate\\Pipeline\\{closure}(Object(Illuminate\\Http\\Request))
#35 C:\\Users\\Administrador\\Documents\\Laravel projects\\laravel-sb-admin-2\\vendor\\laravel\\framework\\src\\Illuminate\\Pipeline\\Pipeline.php(167): Fideloper\\Proxy\\TrustProxies->handle(Object(Illuminate\\Http\\Request), Object(Closure))
#36 C:\\Users\\Administrador\\Documents\\Laravel projects\\laravel-sb-admin-2\\vendor\\laravel\\framework\\src\\Illuminate\\Pipeline\\Pipeline.php(103): Illuminate\\Pipeline\\Pipeline->Illuminate\\Pipeline\\{closure}(Object(Illuminate\\Http\\Request))
#37 C:\\Users\\Administrador\\Documents\\Laravel projects\\laravel-sb-admin-2\\vendor\\laravel\\framework\\src\\Illuminate\\Foundation\\Http\\Kernel.php(140): Illuminate\\Pipeline\\Pipeline->then(Object(Closure))
#38 C:\\Users\\Administrador\\Documents\\Laravel projects\\laravel-sb-admin-2\\vendor\\laravel\\framework\\src\\Illuminate\\Foundation\\Http\\Kernel.php(109): Illuminate\\Foundation\\Http\\Kernel->sendRequestThroughRouter(Object(Illuminate\\Http\\Request))
#39 C:\\Users\\Administrador\\Documents\\Laravel projects\\laravel-sb-admin-2\\public\\index.php(55): Illuminate\\Foundation\\Http\\Kernel->handle(Object(Illuminate\\Http\\Request))
#40 C:\\Users\\Administrador\\Documents\\Laravel projects\\laravel-sb-admin-2\\server.php(21): require_once('C:\\\\Users\\\\Admini...')
#41 {main}
"} 
[2020-06-24 17:03:11] production.ERROR: No application encryption key has been specified. {"exception":"[object] (RuntimeException(code: 0): No application encryption key has been specified. at C:\\Users\\Administrador\\Documents\\Laravel projects\\laravel-sb-admin-2\\vendor\\laravel\\framework\\src\\Illuminate\\Encryption\\EncryptionServiceProvider.php:80)
[stacktrace]
#0 C:\\Users\\Administrador\\Documents\\Laravel projects\\laravel-sb-admin-2\\vendor\\laravel\\framework\\src\\Illuminate\\Support\\helpers.php(428): Illuminate\\Encryption\\EncryptionServiceProvider->Illuminate\\Encryption\\{closure}(NULL)
#1 C:\\Users\\Administrador\\Documents\\Laravel projects\\laravel-sb-admin-2\\vendor\\laravel\\framework\\src\\Illuminate\\Encryption\\EncryptionServiceProvider.php(84): tap(NULL, Object(Closure))
#2 C:\\Users\\Administrador\\Documents\\Laravel projects\\laravel-sb-admin-2\\vendor\\laravel\\framework\\src\\Illuminate\\Encryption\\EncryptionServiceProvider.php(61): Illuminate\\Encryption\\EncryptionServiceProvider->key(Array)
#3 C:\\Users\\Administrador\\Documents\\Laravel projects\\laravel-sb-admin-2\\vendor\\laravel\\framework\\src\\Illuminate\\Encryption\\EncryptionServiceProvider.php(33): Illuminate\\Encryption\\EncryptionServiceProvider->parseKey(Array)
#4 C:\\Users\\Administrador\\Documents\\Laravel projects\\laravel-sb-admin-2\\vendor\\laravel\\framework\\src\\Illuminate\\Container\\Container.php(801): Illuminate\\Encryption\\EncryptionServiceProvider->Illuminate\\Encryption\\{closure}(Object(Illuminate\\Foundation\\Application), Array)
#5 C:\\Users\\Administrador\\Documents\\Laravel projects\\laravel-sb-admin-2\\vendor\\laravel\\framework\\src\\Illuminate\\Container\\Container.php(687): Illuminate\\Container\\Container->build(Object(Closure))
#6 C:\\Users\\Administrador\\Documents\\Laravel projects\\laravel-sb-admin-2\\vendor\\laravel\\framework\\src\\Illuminate\\Foundation\\Application.php(796): Illuminate\\Container\\Container->resolve('encrypter', Array, true)
#7 C:\\Users\\Administrador\\Documents\\Laravel projects\\laravel-sb-admin-2\\vendor\\laravel\\framework\\src\\Illuminate\\Container\\Container.php(633): Illuminate\\Foundation\\Application->resolve('encrypter', Array)
#8 C:\\Users\\Administrador\\Documents\\Laravel projects\\laravel-sb-admin-2\\vendor\\laravel\\framework\\src\\Illuminate\\Foundation\\Application.php(781): Illuminate\\Container\\Container->make('encrypter', Array)
#9 C:\\Users\\Administrador\\Documents\\Laravel projects\\laravel-sb-admin-2\\vendor\\laravel\\framework\\src\\Illuminate\\Container\\Container.php(955): Illuminate\\Foundation\\Application->make('encrypter')
#10 C:\\Users\\Administrador\\Documents\\Laravel projects\\laravel-sb-admin-2\\vendor\\laravel\\framework\\src\\Illuminate\\Container\\Container.php(875): Illuminate\\Container\\Container->resolveClass(Object(ReflectionParameter))
#11 C:\\Users\\Administrador\\Documents\\Laravel projects\\laravel-sb-admin-2\\vendor\\laravel\\framework\\src\\Illuminate\\Container\\Container.php(836): Illuminate\\Container\\Container->resolveDependencies(Array)
#12 C:\\Users\\Administrador\\Documents\\Laravel projects\\laravel-sb-admin-2\\vendor\\laravel\\framework\\src\\Illuminate\\Container\\Container.php(687): Illuminate\\Container\\Container->build('App\\\\Http\\\\Middle...')
#13 C:\\Users\\Administrador\\Documents\\Laravel projects\\laravel-sb-admin-2\\vendor\\laravel\\framework\\src\\Illuminate\\Foundation\\Application.php(796): Illuminate\\Container\\Container->resolve('App\\\\Http\\\\Middle...', Array, true)
#14 C:\\Users\\Administrador\\Documents\\Laravel projects\\laravel-sb-admin-2\\vendor\\laravel\\framework\\src\\Illuminate\\Container\\Container.php(633): Illuminate\\Foundation\\Application->resolve('App\\\\Http\\\\Middle...', Array)
#15 C:\\Users\\Administrador\\Documents\\Laravel projects\\laravel-sb-admin-2\\vendor\\laravel\\framework\\src\\Illuminate\\Foundation\\Application.php(781): Illuminate\\Container\\Container->make('App\\\\Http\\\\Middle...', Array)
#16 C:\\Users\\Administrador\\Documents\\Laravel projects\\laravel-sb-admin-2\\vendor\\laravel\\framework\\src\\Illuminate\\Foundation\\Http\\Kernel.php(204): Illuminate\\Foundation\\Application->make('App\\\\Http\\\\Middle...')
#17 C:\\Users\\Administrador\\Documents\\Laravel projects\\laravel-sb-admin-2\\vendor\\laravel\\framework\\src\\Illuminate\\Foundation\\Http\\Kernel.php(178): Illuminate\\Foundation\\Http\\Kernel->terminateMiddleware(Object(Illuminate\\Http\\Request), Object(Illuminate\\Http\\Response))
#18 C:\\Users\\Administrador\\Documents\\Laravel projects\\laravel-sb-admin-2\\public\\index.php(60): Illuminate\\Foundation\\Http\\Kernel->terminate(Object(Illuminate\\Http\\Request), Object(Illuminate\\Http\\Response))
#19 C:\\Users\\Administrador\\Documents\\Laravel projects\\laravel-sb-admin-2\\server.php(21): require_once('C:\\\\Users\\\\Admini...')
#20 {main}
"} 
[2020-06-24 17:10:23] local.ERROR: Trying to get property 'name' of non-object (View: C:\Users\Administrador\Documents\Laravel projects\laravel-sb-admin-2\resources\views\layouts\admin.blade.php) {"exception":"[object] (Facade\\Ignition\\Exceptions\\ViewException(code: 0): Trying to get property 'name' of non-object (View: C:\\Users\\Administrador\\Documents\\Laravel projects\\laravel-sb-admin-2\esources\\views\\layouts\\admin.blade.php) at C:\\Users\\Administrador\\Documents\\Laravel projects\\laravel-sb-admin-2\esources\\views/layouts/admin.blade.php:244)
[stacktrace]
#0 C:\\Users\\Administrador\\Documents\\Laravel projects\\laravel-sb-admin-2\esources\\views/layouts/admin.blade.php(244): Illuminate\\Foundation\\Bootstrap\\HandleExceptions->handleError(8, 'Trying to get p...', 'C:\\\\Users\\\\Admini...', 245, Array)
#1 C:\\Users\\Administrador\\Documents\\Laravel projects\\laravel-sb-admin-2\\vendor\\laravel\\framework\\src\\Illuminate\\View\\Engines\\PhpEngine.php(41): include('C:\\\\Users\\\\Admini...')
#2 C:\\Users\\Administrador\\Documents\\Laravel projects\\laravel-sb-admin-2\\vendor\\laravel\\framework\\src\\Illuminate\\View\\Engines\\CompilerEngine.php(57): Illuminate\\View\\Engines\\PhpEngine->evaluatePath('C:\\\\Users\\\\Admini...', Array)
#3 C:\\Users\\Administrador\\Documents\\Laravel projects\\laravel-sb-admin-2\\vendor\\facade\\ignition\\src\\Views\\Engines\\CompilerEngine.php(37): Illuminate\\View\\Engines\\CompilerEngine->get('C:\\\\Users\\\\Admini...', Array)
#4 C:\\Users\\Administrador\\Documents\\Laravel projects\\laravel-sb-admin-2\\vendor\\laravel\\framework\\src\\Illuminate\\View\\View.php(139): Facade\\Ignition\\Views\\Engines\\CompilerEngine->get('C:\\\\Users\\\\Admini...', Array)
#5 C:\\Users\\Administrador\\Documents\\Laravel projects\\laravel-sb-admin-2\\vendor\\laravel\\framework\\src\\Illuminate\\View\\View.php(122): Illuminate\\View\\View->getContents()
#6 C:\\Users\\Administrador\\Documents\\Laravel projects\\laravel-sb-admin-2\\vendor\\laravel\\framework\\src\\Illuminate\\View\\View.php(91): Illuminate\\View\\View->renderContents()
#7 C:\\Users\\Administrador\\Documents\\Laravel projects\\laravel-sb-admin-2\esources\\views/about.blade.php(75): Illuminate\\View\\View->render()
#8 C:\\Users\\Administrador\\Documents\\Laravel projects\\laravel-sb-admin-2\\vendor\\laravel\\framework\\src\\Illuminate\\View\\Engines\\PhpEngine.php(41): include('C:\\\\Users\\\\Admini...')
#9 C:\\Users\\Administrador\\Documents\\Laravel projects\\laravel-sb-admin-2\\vendor\\laravel\\framework\\src\\Illuminate\\View\\Engines\\CompilerEngine.php(57): Illuminate\\View\\Engines\\PhpEngine->evaluatePath('C:\\\\Users\\\\Admini...', Array)
#10 C:\\Users\\Administrador\\Documents\\Laravel projects\\laravel-sb-admin-2\\vendor\\facade\\ignition\\src\\Views\\Engines\\CompilerEngine.php(37): Illuminate\\View\\Engines\\CompilerEngine->get('C:\\\\Users\\\\Admini...', Array)
#11 C:\\Users\\Administrador\\Documents\\Laravel projects\\laravel-sb-admin-2\\vendor\\laravel\\framework\\src\\Illuminate\\View\\View.php(139): Facade\\Ignition\\Views\\Engines\\CompilerEngine->get('C:\\\\Users\\\\Admini...', Array)
#12 C:\\Users\\Administrador\\Documents\\Laravel projects\\laravel-sb-admin-2\\vendor\\laravel\\framework\\src\\Illuminate\\View\\View.php(122): Illuminate\\View\\View->getContents()
#13 C:\\Users\\Administrador\\Documents\\Laravel projects\\laravel-sb-admin-2\\vendor\\laravel\\framework\\src\\Illuminate\\View\\View.php(91): Illuminate\\View\\View->renderContents()
#14 C:\\Users\\Administrador\\Documents\\Laravel projects\\laravel-sb-admin-2\\vendor\\laravel\\framework\\src\\Illuminate\\Http\\Response.php(62): Illuminate\\View\\View->render()
#15 C:\\Users\\Administrador\\Documents\\Laravel projects\\laravel-sb-admin-2\\vendor\\laravel\\framework\\src\\Illuminate\\Http\\Response.php(34): Illuminate\\Http\\Response->setContent(Object(Illuminate\\View\\View))
#16 C:\\Users\\Administrador\\Documents\\Laravel projects\\laravel-sb-admin-2\\vendor\\laravel\\framework\\src\\Illuminate\\Routing\\Router.php(759): Illuminate\\Http\\Response->__construct(Object(Illuminate\\View\\View), 200, Array)
#17 C:\\Users\\Administrador\\Documents\\Laravel projects\\laravel-sb-admin-2\\vendor\\laravel\\framework\\src\\Illuminate\\Routing\\Router.php(731): Illuminate\\Routing\\Router::toResponse(Object(Illuminate\\Http\\Request), Object(Illuminate\\View\\View))
#18 C:\\Users\\Administrador\\Documents\\Laravel projects\\laravel-sb-admin-2\\vendor\\laravel\\framework\\src\\Illuminate\\Routing\\Router.php(685): Illuminate\\Routing\\Router->prepareResponse(Object(Illuminate\\Http\\Request), Object(Illuminate\\View\\View))
#19 C:\\Users\\Administrador\\Documents\\Laravel projects\\laravel-sb-admin-2\\vendor\\laravel\\framework\\src\\Illuminate\\Pipeline\\Pipeline.php(128): Illuminate\\Routing\\Router->Illuminate\\Routing\\{closure}(Object(Illuminate\\Http\\Request))
#20 C:\\Users\\Administrador\\Documents\\Laravel projects\\laravel-sb-admin-2\\vendor\\laravel\\framework\\src\\Illuminate\\Routing\\Middleware\\SubstituteBindings.php(41): Illuminate\\Pipeline\\Pipeline->Illuminate\\Pipeline\\{closure}(Object(Illuminate\\Http\\Request))
#21 C:\\Users\\Administrador\\Documents\\Laravel projects\\laravel-sb-admin-2\\vendor\\laravel\\framework\\src\\Illuminate\\Pipeline\\Pipeline.php(167): Illuminate\\Routing\\Middleware\\SubstituteBindings->handle(Object(Illuminate\\Http\\Request), Object(Closure))
#22 C:\\Users\\Administrador\\Documents\\Laravel projects\\laravel-sb-admin-2\\vendor\\laravel\\framework\\src\\Illuminate\\Foundation\\Http\\Middleware\\VerifyCsrfToken.php(76): Illuminate\\Pipeline\\Pipeline->Illuminate\\Pipeline\\{closure}(Object(Illuminate\\Http\\Request))
#23 C:\\Users\\Administrador\\Documents\\Laravel projects\\laravel-sb-admin-2\\vendor\\laravel\\framework\\src\\Illuminate\\Pipeline\\Pipeline.php(167): Illuminate\\Foundation\\Http\\Middleware\\VerifyCsrfToken->handle(Object(Illuminate\\Http\\Request), Object(Closure))
#24 C:\\Users\\Administrador\\Documents\\Laravel projects\\laravel-sb-admin-2\\vendor\\laravel\\framework\\src\\Illuminate\\View\\Middleware\\ShareErrorsFromSession.php(49): Illuminate\\Pipeline\\Pipeline->Illuminate\\Pipeline\\{closure}(Object(Illuminate\\Http\\Request))
#25 C:\\Users\\Administrador\\Documents\\Laravel projects\\laravel-sb-admin-2\\vendor\\laravel\\framework\\src\\Illuminate\\Pipeline\\Pipeline.php(167): Illuminate\\View\\Middleware\\ShareErrorsFromSession->handle(Object(Illuminate\\Http\\Request), Object(Closure))
#26 C:\\Users\\Administrador\\Documents\\Laravel projects\\laravel-sb-admin-2\\vendor\\laravel\\framework\\src\\Illuminate\\Session\\Middleware\\StartSession.php(56): Illuminate\\Pipeline\\Pipeline->Illuminate\\Pipeline\\{closure}(Object(Illuminate\\Http\\Request))
#27 C:\\Users\\Administrador\\Documents\\Laravel projects\\laravel-sb-admin-2\\vendor\\laravel\\framework\\src\\Illuminate\\Pipeline\\Pipeline.php(167): Illuminate\\Session\\Middleware\\StartSession->handle(Object(Illuminate\\Http\\Request), Object(Closure))
#28 C:\\Users\\Administrador\\Documents\\Laravel projects\\laravel-sb-admin-2\\vendor\\laravel\\framework\\src\\Illuminate\\Cookie\\Middleware\\AddQueuedCookiesToResponse.php(37): Illuminate\\Pipeline\\Pipeline->Illuminate\\Pipeline\\{closure}(Object(Illuminate\\Http\\Request))
#29 C:\\Users\\Administrador\\Documents\\Laravel projects\\laravel-sb-admin-2\\vendor\\laravel\\framework\\src\\Illuminate\\Pipeline\\Pipeline.php(167): Illuminate\\Cookie\\Middleware\\AddQueuedCookiesToResponse->handle(Object(Illuminate\\Http\\Request), Object(Closure))
#30 C:\\Users\\Administrador\\Documents\\Laravel projects\\laravel-sb-admin-2\\vendor\\laravel\\framework\\src\\Illuminate\\Cookie\\Middleware\\EncryptCookies.php(66): Illuminate\\Pipeline\\Pipeline->Illuminate\\Pipeline\\{closure}(Object(Illuminate\\Http\\Request))
#31 C:\\Users\\Administrador\\Documents\\Laravel projects\\laravel-sb-admin-2\\vendor\\laravel\\framework\\src\\Illuminate\\Pipeline\\Pipeline.php(167): Illuminate\\Cookie\\Middleware\\EncryptCookies->handle(Object(Illuminate\\Http\\Request), Object(Closure))
#32 C:\\Users\\Administrador\\Documents\\Laravel projects\\laravel-sb-admin-2\\vendor\\laravel\\framework\\src\\Illuminate\\Pipeline\\Pipeline.php(103): Illuminate\\Pipeline\\Pipeline->Illuminate\\Pipeline\\{closure}(Object(Illuminate\\Http\\Request))
#33 C:\\Users\\Administrador\\Documents\\Laravel projects\\laravel-sb-admin-2\\vendor\\laravel\\framework\\src\\Illuminate\\Routing\\Router.php(687): Illuminate\\Pipeline\\Pipeline->then(Object(Closure))
#34 C:\\Users\\Administrador\\Documents\\Laravel projects\\laravel-sb-admin-2\\vendor\\laravel\\framework\\src\\Illuminate\\Routing\\Router.php(662): Illuminate\\Routing\\Router->runRouteWithinStack(Object(Illuminate\\Routing\\Route), Object(Illuminate\\Http\\Request))
#35 C:\\Users\\Administrador\\Documents\\Laravel projects\\laravel-sb-admin-2\\vendor\\laravel\\framework\\src\\Illuminate\\Routing\\Router.php(628): Illuminate\\Routing\\Router->runRoute(Object(Illuminate\\Http\\Request), Object(Illuminate\\Routing\\Route))
#36 C:\\Users\\Administrador\\Documents\\Laravel projects\\laravel-sb-admin-2\\vendor\\laravel\\framework\\src\\Illuminate\\Routing\\Router.php(617): Illuminate\\Routing\\Router->dispatchToRoute(Object(Illuminate\\Http\\Request))
#37 C:\\Users\\Administrador\\Documents\\Laravel projects\\laravel-sb-admin-2\\vendor\\laravel\\framework\\src\\Illuminate\\Foundation\\Http\\Kernel.php(165): Illuminate\\Routing\\Router->dispatch(Object(Illuminate\\Http\\Request))
#38 C:\\Users\\Administrador\\Documents\\Laravel projects\\laravel-sb-admin-2\\vendor\\laravel\\framework\\src\\Illuminate\\Pipeline\\Pipeline.php(128): Illuminate\\Foundation\\Http\\Kernel->Illuminate\\Foundation\\Http\\{closure}(Object(Illuminate\\Http\\Request))
#39 C:\\Users\\Administrador\\Documents\\Laravel projects\\laravel-sb-admin-2\\vendor\\laravel\\framework\\src\\Illuminate\\Foundation\\Http\\Middleware\\TransformsRequest.php(21): Illuminate\\Pipeline\\Pipeline->Illuminate\\Pipeline\\{closure}(Object(Illuminate\\Http\\Request))
#40 C:\\Users\\Administrador\\Documents\\Laravel projects\\laravel-sb-admin-2\\vendor\\laravel\\framework\\src\\Illuminate\\Pipeline\\Pipeline.php(167): Illuminate\\Foundation\\Http\\Middleware\\TransformsRequest->handle(Object(Illuminate\\Http\\Request), Object(Closure))
#41 C:\\Users\\Administrador\\Documents\\Laravel projects\\laravel-sb-admin-2\\vendor\\laravel\\framework\\src\\Illuminate\\Foundation\\Http\\Middleware\\TransformsRequest.php(21): Illuminate\\Pipeline\\Pipeline->Illuminate\\Pipeline\\{closure}(Object(Illuminate\\Http\\Request))
#42 C:\\Users\\Administrador\\Documents\\Laravel projects\\laravel-sb-admin-2\\vendor\\laravel\\framework\\src\\Illuminate\\Pipeline\\Pipeline.php(167): Illuminate\\Foundation\\Http\\Middleware\\TransformsRequest->handle(Object(Illuminate\\Http\\Request), Object(Closure))
#43 C:\\Users\\Administrador\\Documents\\Laravel projects\\laravel-sb-admin-2\\vendor\\laravel\\framework\\src\\Illuminate\\Foundation\\Http\\Middleware\\ValidatePostSize.php(27): Illuminate\\Pipeline\\Pipeline->Illuminate\\Pipeline\\{closure}(Object(Illuminate\\Http\\Request))
#44 C:\\Users\\Administrador\\Documents\\Laravel projects\\laravel-sb-admin-2\\vendor\\laravel\\framework\\src\\Illuminate\\Pipeline\\Pipeline.php(167): Illuminate\\Foundation\\Http\\Middleware\\ValidatePostSize->handle(Object(Illuminate\\Http\\Request), Object(Closure))
#45 C:\\Users\\Administrador\\Documents\\Laravel projects\\laravel-sb-admin-2\\vendor\\laravel\\framework\\src\\Illuminate\\Foundation\\Http\\Middleware\\CheckForMaintenanceMode.php(63): Illuminate\\Pipeline\\Pipeline->Illuminate\\Pipeline\\{closure}(Object(Illuminate\\Http\\Request))
#46 C:\\Users\\Administrador\\Documents\\Laravel projects\\laravel-sb-admin-2\\vendor\\laravel\\framework\\src\\Illuminate\\Pipeline\\Pipeline.php(167): Illuminate\\Foundation\\Http\\Middleware\\CheckForMaintenanceMode->handle(Object(Illuminate\\Http\\Request), Object(Closure))
#47 C:\\Users\\Administrador\\Documents\\Laravel projects\\laravel-sb-admin-2\\vendor\\fruitcake\\laravel-cors\\src\\HandleCors.php(36): Illuminate\\Pipeline\\Pipeline->Illuminate\\Pipeline\\{closure}(Object(Illuminate\\Http\\Request))
#48 C:\\Users\\Administrador\\Documents\\Laravel projects\\laravel-sb-admin-2\\vendor\\laravel\\framework\\src\\Illuminate\\Pipeline\\Pipeline.php(167): Fruitcake\\Cors\\HandleCors->handle(Object(Illuminate\\Http\\Request), Object(Closure))
#49 C:\\Users\\Administrador\\Documents\\Laravel projects\\laravel-sb-admin-2\\vendor\\fideloper\\proxy\\src\\TrustProxies.php(57): Illuminate\\Pipeline\\Pipeline->Illuminate\\Pipeline\\{closure}(Object(Illuminate\\Http\\Request))
#50 C:\\Users\\Administrador\\Documents\\Laravel projects\\laravel-sb-admin-2\\vendor\\laravel\\framework\\src\\Illuminate\\Pipeline\\Pipeline.php(167): Fideloper\\Proxy\\TrustProxies->handle(Object(Illuminate\\Http\\Request), Object(Closure))
#51 C:\\Users\\Administrador\\Documents\\Laravel projects\\laravel-sb-admin-2\\vendor\\laravel\\framework\\src\\Illuminate\\Pipeline\\Pipeline.php(103): Illuminate\\Pipeline\\Pipeline->Illuminate\\Pipeline\\{closure}(Object(Illuminate\\Http\\Request))
#52 C:\\Users\\Administrador\\Documents\\Laravel projects\\laravel-sb-admin-2\\vendor\\laravel\\framework\\src\\Illuminate\\Foundation\\Http\\Kernel.php(140): Illuminate\\Pipeline\\Pipeline->then(Object(Closure))
#53 C:\\Users\\Administrador\\Documents\\Laravel projects\\laravel-sb-admin-2\\vendor\\laravel\\framework\\src\\Illuminate\\Foundation\\Http\\Kernel.php(109): Illuminate\\Foundation\\Http\\Kernel->sendRequestThroughRouter(Object(Illuminate\\Http\\Request))
#54 C:\\Users\\Administrador\\Documents\\Laravel projects\\laravel-sb-admin-2\\public\\index.php(55): Illuminate\\Foundation\\Http\\Kernel->handle(Object(Illuminate\\Http\\Request))
#55 C:\\Users\\Administrador\\Documents\\Laravel projects\\laravel-sb-admin-2\\server.php(21): require_once('C:\\\\Users\\\\Admini...')
#56 {main}

[previous exception] [object] (ErrorException(code: 0): Trying to get property 'name' of non-object at C:\\Users\\Administrador\\Documents\\Laravel projects\\laravel-sb-admin-2\\storage\\framework\\views\\466edf83c89a9763062e5455c244dd7f32b5df80.php:245)
[stacktrace]
#0 C:\\Users\\Administrador\\Documents\\Laravel projects\\laravel-sb-admin-2\\storage\\framework\\views\\466edf83c89a9763062e5455c244dd7f32b5df80.php(245): Illuminate\\Foundation\\Bootstrap\\HandleExceptions->handleError(8, 'Trying to get p...', 'C:\\\\Users\\\\Admini...', 245, Array)
#1 C:\\Users\\Administrador\\Documents\\Laravel projects\\laravel-sb-admin-2\\vendor\\laravel\\framework\\src\\Illuminate\\View\\Engines\\PhpEngine.php(41): include('C:\\\\Users\\\\Admini...')
#2 C:\\Users\\Administrador\\Documents\\Laravel projects\\laravel-sb-admin-2\\vendor\\laravel\\framework\\src\\Illuminate\\View\\Engines\\CompilerEngine.php(57): Illuminate\\View\\Engines\\PhpEngine->evaluatePath('C:\\\\Users\\\\Admini...', Array)
#3 C:\\Users\\Administrador\\Documents\\Laravel projects\\laravel-sb-admin-2\\vendor\\facade\\ignition\\src\\Views\\Engines\\CompilerEngine.php(37): Illuminate\\View\\Engines\\CompilerEngine->get('C:\\\\Users\\\\Admini...', Array)
#4 C:\\Users\\Administrador\\Documents\\Laravel projects\\laravel-sb-admin-2\\vendor\\laravel\\framework\\src\\Illuminate\\View\\View.php(139): Facade\\Ignition\\Views\\Engines\\CompilerEngine->get('C:\\\\Users\\\\Admini...', Array)
#5 C:\\Users\\Administrador\\Documents\\Laravel projects\\laravel-sb-admin-2\\vendor\\laravel\\framework\\src\\Illuminate\\View\\View.php(122): Illuminate\\View\\View->getContents()
#6 C:\\Users\\Administrador\\Documents\\Laravel projects\\laravel-sb-admin-2\\vendor\\laravel\\framework\\src\\Illuminate\\View\\View.php(91): Illuminate\\View\\View->renderContents()
#7 C:\\Users\\Administrador\\Documents\\Laravel projects\\laravel-sb-admin-2\\storage\\framework\\views\\cfee55199b1edcb901c15f365b6d6329eb1e46a2.php(75): Illuminate\\View\\View->render()
#8 C:\\Users\\Administrador\\Documents\\Laravel projects\\laravel-sb-admin-2\\vendor\\laravel\\framework\\src\\Illuminate\\View\\Engines\\PhpEngine.php(41): include('C:\\\\Users\\\\Admini...')
#9 C:\\Users\\Administrador\\Documents\\Laravel projects\\laravel-sb-admin-2\\vendor\\laravel\\framework\\src\\Illuminate\\View\\Engines\\CompilerEngine.php(57): Illuminate\\View\\Engines\\PhpEngine->evaluatePath('C:\\\\Users\\\\Admini...', Array)
#10 C:\\Users\\Administrador\\Documents\\Laravel projects\\laravel-sb-admin-2\\vendor\\facade\\ignition\\src\\Views\\Engines\\CompilerEngine.php(37): Illuminate\\View\\Engines\\CompilerEngine->get('C:\\\\Users\\\\Admini...', Array)
#11 C:\\Users\\Administrador\\Documents\\Laravel projects\\laravel-sb-admin-2\\vendor\\laravel\\framework\\src\\Illuminate\\View\\View.php(139): Facade\\Ignition\\Views\\Engines\\CompilerEngine->get('C:\\\\Users\\\\Admini...', Array)
#12 C:\\Users\\Administrador\\Documents\\Laravel projects\\laravel-sb-admin-2\\vendor\\laravel\\framework\\src\\Illuminate\\View\\View.php(122): Illuminate\\View\\View->getContents()
#13 C:\\Users\\Administrador\\Documents\\Laravel projects\\laravel-sb-admin-2\\vendor\\laravel\\framework\\src\\Illuminate\\View\\View.php(91): Illuminate\\View\\View->renderContents()
#14 C:\\Users\\Administrador\\Documents\\Laravel projects\\laravel-sb-admin-2\\vendor\\laravel\\framework\\src\\Illuminate\\Http\\Response.php(62): Illuminate\\View\\View->render()
#15 C:\\Users\\Administrador\\Documents\\Laravel projects\\laravel-sb-admin-2\\vendor\\laravel\\framework\\src\\Illuminate\\Http\\Response.php(34): Illuminate\\Http\\Response->setContent(Object(Illuminate\\View\\View))
#16 C:\\Users\\Administrador\\Documents\\Laravel projects\\laravel-sb-admin-2\\vendor\\laravel\\framework\\src\\Illuminate\\Routing\\Router.php(759): Illuminate\\Http\\Response->__construct(Object(Illuminate\\View\\View), 200, Array)
#17 C:\\Users\\Administrador\\Documents\\Laravel projects\\laravel-sb-admin-2\\vendor\\laravel\\framework\\src\\Illuminate\\Routing\\Router.php(731): Illuminate\\Routing\\Router::toResponse(Object(Illuminate\\Http\\Request), Object(Illuminate\\View\\View))
#18 C:\\Users\\Administrador\\Documents\\Laravel projects\\laravel-sb-admin-2\\vendor\\laravel\\framework\\src\\Illuminate\\Routing\\Router.php(685): Illuminate\\Routing\\Router->prepareResponse(Object(Illuminate\\Http\\Request), Object(Illuminate\\View\\View))
#19 C:\\Users\\Administrador\\Documents\\Laravel projects\\laravel-sb-admin-2\\vendor\\laravel\\framework\\src\\Illuminate\\Pipeline\\Pipeline.php(128): Illuminate\\Routing\\Router->Illuminate\\Routing\\{closure}(Object(Illuminate\\Http\\Request))
#20 C:\\Users\\Administrador\\Documents\\Laravel projects\\laravel-sb-admin-2\\vendor\\laravel\\framework\\src\\Illuminate\\Routing\\Middleware\\SubstituteBindings.php(41): Illuminate\\Pipeline\\Pipeline->Illuminate\\Pipeline\\{closure}(Object(Illuminate\\Http\\Request))
#21 C:\\Users\\Administrador\\Documents\\Laravel projects\\laravel-sb-admin-2\\vendor\\laravel\\framework\\src\\Illuminate\\Pipeline\\Pipeline.php(167): Illuminate\\Routing\\Middleware\\SubstituteBindings->handle(Object(Illuminate\\Http\\Request), Object(Closure))
#22 C:\\Users\\Administrador\\Documents\\Laravel projects\\laravel-sb-admin-2\\vendor\\laravel\\framework\\src\\Illuminate\\Foundation\\Http\\Middleware\\VerifyCsrfToken.php(76): Illuminate\\Pipeline\\Pipeline->Illuminate\\Pipeline\\{closure}(Object(Illuminate\\Http\\Request))
#23 C:\\Users\\Administrador\\Documents\\Laravel projects\\laravel-sb-admin-2\\vendor\\laravel\\framework\\src\\Illuminate\\Pipeline\\Pipeline.php(167): Illuminate\\Foundation\\Http\\Middleware\\VerifyCsrfToken->handle(Object(Illuminate\\Http\\Request), Object(Closure))
#24 C:\\Users\\Administrador\\Documents\\Laravel projects\\laravel-sb-admin-2\\vendor\\laravel\\framework\\src\\Illuminate\\View\\Middleware\\ShareErrorsFromSession.php(49): Illuminate\\Pipeline\\Pipeline->Illuminate\\Pipeline\\{closure}(Object(Illuminate\\Http\\Request))
#25 C:\\Users\\Administrador\\Documents\\Laravel projects\\laravel-sb-admin-2\\vendor\\laravel\\framework\\src\\Illuminate\\Pipeline\\Pipeline.php(167): Illuminate\\View\\Middleware\\ShareErrorsFromSession->handle(Object(Illuminate\\Http\\Request), Object(Closure))
#26 C:\\Users\\Administrador\\Documents\\Laravel projects\\laravel-sb-admin-2\\vendor\\laravel\\framework\\src\\Illuminate\\Session\\Middleware\\StartSession.php(56): Illuminate\\Pipeline\\Pipeline->Illuminate\\Pipeline\\{closure}(Object(Illuminate\\Http\\Request))
#27 C:\\Users\\Administrador\\Documents\\Laravel projects\\laravel-sb-admin-2\\vendor\\laravel\\framework\\src\\Illuminate\\Pipeline\\Pipeline.php(167): Illuminate\\Session\\Middleware\\StartSession->handle(Object(Illuminate\\Http\\Request), Object(Closure))
#28 C:\\Users\\Administrador\\Documents\\Laravel projects\\laravel-sb-admin-2\\vendor\\laravel\\framework\\src\\Illuminate\\Cookie\\Middleware\\AddQueuedCookiesToResponse.php(37): Illuminate\\Pipeline\\Pipeline->Illuminate\\Pipeline\\{closure}(Object(Illuminate\\Http\\Request))
#29 C:\\Users\\Administrador\\Documents\\Laravel projects\\laravel-sb-admin-2\\vendor\\laravel\\framework\\src\\Illuminate\\Pipeline\\Pipeline.php(167): Illuminate\\Cookie\\Middleware\\AddQueuedCookiesToResponse->handle(Object(Illuminate\\Http\\Request), Object(Closure))
#30 C:\\Users\\Administrador\\Documents\\Laravel projects\\laravel-sb-admin-2\\vendor\\laravel\\framework\\src\\Illuminate\\Cookie\\Middleware\\EncryptCookies.php(66): Illuminate\\Pipeline\\Pipeline->Illuminate\\Pipeline\\{closure}(Object(Illuminate\\Http\\Request))
#31 C:\\Users\\Administrador\\Documents\\Laravel projects\\laravel-sb-admin-2\\vendor\\laravel\\framework\\src\\Illuminate\\Pipeline\\Pipeline.php(167): Illuminate\\Cookie\\Middleware\\EncryptCookies->handle(Object(Illuminate\\Http\\Request), Object(Closure))
#32 C:\\Users\\Administrador\\Documents\\Laravel projects\\laravel-sb-admin-2\\vendor\\laravel\\framework\\src\\Illuminate\\Pipeline\\Pipeline.php(103): Illuminate\\Pipeline\\Pipeline->Illuminate\\Pipeline\\{closure}(Object(Illuminate\\Http\\Request))
#33 C:\\Users\\Administrador\\Documents\\Laravel projects\\laravel-sb-admin-2\\vendor\\laravel\\framework\\src\\Illuminate\\Routing\\Router.php(687): Illuminate\\Pipeline\\Pipeline->then(Object(Closure))
#34 C:\\Users\\Administrador\\Documents\\Laravel projects\\laravel-sb-admin-2\\vendor\\laravel\\framework\\src\\Illuminate\\Routing\\Router.php(662): Illuminate\\Routing\\Router->runRouteWithinStack(Object(Illuminate\\Routing\\Route), Object(Illuminate\\Http\\Request))
#35 C:\\Users\\Administrador\\Documents\\Laravel projects\\laravel-sb-admin-2\\vendor\\laravel\\framework\\src\\Illuminate\\Routing\\Router.php(628): Illuminate\\Routing\\Router->runRoute(Object(Illuminate\\Http\\Request), Object(Illuminate\\Routing\\Route))
#36 C:\\Users\\Administrador\\Documents\\Laravel projects\\laravel-sb-admin-2\\vendor\\laravel\\framework\\src\\Illuminate\\Routing\\Router.php(617): Illuminate\\Routing\\Router->dispatchToRoute(Object(Illuminate\\Http\\Request))
#37 C:\\Users\\Administrador\\Documents\\Laravel projects\\laravel-sb-admin-2\\vendor\\laravel\\framework\\src\\Illuminate\\Foundation\\Http\\Kernel.php(165): Illuminate\\Routing\\Router->dispatch(Object(Illuminate\\Http\\Request))
#38 C:\\Users\\Administrador\\Documents\\Laravel projects\\laravel-sb-admin-2\\vendor\\laravel\\framework\\src\\Illuminate\\Pipeline\\Pipeline.php(128): Illuminate\\Foundation\\Http\\Kernel->Illuminate\\Foundation\\Http\\{closure}(Object(Illuminate\\Http\\Request))
#39 C:\\Users\\Administrador\\Documents\\Laravel projects\\laravel-sb-admin-2\\vendor\\laravel\\framework\\src\\Illuminate\\Foundation\\Http\\Middleware\\TransformsRequest.php(21): Illuminate\\Pipeline\\Pipeline->Illuminate\\Pipeline\\{closure}(Object(Illuminate\\Http\\Request))
#40 C:\\Users\\Administrador\\Documents\\Laravel projects\\laravel-sb-admin-2\\vendor\\laravel\\framework\\src\\Illuminate\\Pipeline\\Pipeline.php(167): Illuminate\\Foundation\\Http\\Middleware\\TransformsRequest->handle(Object(Illuminate\\Http\\Request), Object(Closure))
#41 C:\\Users\\Administrador\\Documents\\Laravel projects\\laravel-sb-admin-2\\vendor\\laravel\\framework\\src\\Illuminate\\Foundation\\Http\\Middleware\\TransformsRequest.php(21): Illuminate\\Pipeline\\Pipeline->Illuminate\\Pipeline\\{closure}(Object(Illuminate\\Http\\Request))
#42 C:\\Users\\Administrador\\Documents\\Laravel projects\\laravel-sb-admin-2\\vendor\\laravel\\framework\\src\\Illuminate\\Pipeline\\Pipeline.php(167): Illuminate\\Foundation\\Http\\Middleware\\TransformsRequest->handle(Object(Illuminate\\Http\\Request), Object(Closure))
#43 C:\\Users\\Administrador\\Documents\\Laravel projects\\laravel-sb-admin-2\\vendor\\laravel\\framework\\src\\Illuminate\\Foundation\\Http\\Middleware\\ValidatePostSize.php(27): Illuminate\\Pipeline\\Pipeline->Illuminate\\Pipeline\\{closure}(Object(Illuminate\\Http\\Request))
#44 C:\\Users\\Administrador\\Documents\\Laravel projects\\laravel-sb-admin-2\\vendor\\laravel\\framework\\src\\Illuminate\\Pipeline\\Pipeline.php(167): Illuminate\\Foundation\\Http\\Middleware\\ValidatePostSize->handle(Object(Illuminate\\Http\\Request), Object(Closure))
#45 C:\\Users\\Administrador\\Documents\\Laravel projects\\laravel-sb-admin-2\\vendor\\laravel\\framework\\src\\Illuminate\\Foundation\\Http\\Middleware\\CheckForMaintenanceMode.php(63): Illuminate\\Pipeline\\Pipeline->Illuminate\\Pipeline\\{closure}(Object(Illuminate\\Http\\Request))
#46 C:\\Users\\Administrador\\Documents\\Laravel projects\\laravel-sb-admin-2\\vendor\\laravel\\framework\\src\\Illuminate\\Pipeline\\Pipeline.php(167): Illuminate\\Foundation\\Http\\Middleware\\CheckForMaintenanceMode->handle(Object(Illuminate\\Http\\Request), Object(Closure))
#47 C:\\Users\\Administrador\\Documents\\Laravel projects\\laravel-sb-admin-2\\vendor\\fruitcake\\laravel-cors\\src\\HandleCors.php(36): Illuminate\\Pipeline\\Pipeline->Illuminate\\Pipeline\\{closure}(Object(Illuminate\\Http\\Request))
#48 C:\\Users\\Administrador\\Documents\\Laravel projects\\laravel-sb-admin-2\\vendor\\laravel\\framework\\src\\Illuminate\\Pipeline\\Pipeline.php(167): Fruitcake\\Cors\\HandleCors->handle(Object(Illuminate\\Http\\Request), Object(Closure))
#49 C:\\Users\\Administrador\\Documents\\Laravel projects\\laravel-sb-admin-2\\vendor\\fideloper\\proxy\\src\\TrustProxies.php(57): Illuminate\\Pipeline\\Pipeline->Illuminate\\Pipeline\\{closure}(Object(Illuminate\\Http\\Request))
#50 C:\\Users\\Administrador\\Documents\\Laravel projects\\laravel-sb-admin-2\\vendor\\laravel\\framework\\src\\Illuminate\\Pipeline\\Pipeline.php(167): Fideloper\\Proxy\\TrustProxies->handle(Object(Illuminate\\Http\\Request), Object(Closure))
#51 C:\\Users\\Administrador\\Documents\\Laravel projects\\laravel-sb-admin-2\\vendor\\laravel\\framework\\src\\Illuminate\\Pipeline\\Pipeline.php(103): Illuminate\\Pipeline\\Pipeline->Illuminate\\Pipeline\\{closure}(Object(Illuminate\\Http\\Request))
#52 C:\\Users\\Administrador\\Documents\\Laravel projects\\laravel-sb-admin-2\\vendor\\laravel\\framework\\src\\Illuminate\\Foundation\\Http\\Kernel.php(140): Illuminate\\Pipeline\\Pipeline->then(Object(Closure))
#53 C:\\Users\\Administrador\\Documents\\Laravel projects\\laravel-sb-admin-2\\vendor\\laravel\\framework\\src\\Illuminate\\Foundation\\Http\\Kernel.php(109): Illuminate\\Foundation\\Http\\Kernel->sendRequestThroughRouter(Object(Illuminate\\Http\\Request))
#54 C:\\Users\\Administrador\\Documents\\Laravel projects\\laravel-sb-admin-2\\public\\index.php(55): Illuminate\\Foundation\\Http\\Kernel->handle(Object(Illuminate\\Http\\Request))
#55 C:\\Users\\Administrador\\Documents\\Laravel projects\\laravel-sb-admin-2\\server.php(21): require_once('C:\\\\Users\\\\Admini...')
#56 {main}
"} 
